<?xml version="1.0" encoding="utf-8"?>
<TestRun id="5d6396ef-5ce0-4519-8299-ceaf3e0dde89" name="wtwat2004@WTWAT 2025-12-10 15:47:46" runUser="wtwat\wtwat2004" xmlns="http://microsoft.com/schemas/VisualStudio/TeamTest/2010">
  <Times creation="2025-12-10T15:47:46.6834105+02:00" queuing="2025-12-10T15:47:46.6834109+02:00" start="2025-12-10T15:47:45.8075449+02:00" finish="2025-12-10T15:47:46.6840069+02:00" />
  <TestSettings name="default" id="40f61a77-40d6-4b5c-84f4-96496bf1a773">
    <Deployment runDeploymentRoot="wtwat2004_WTWAT_2025-12-10_15_47_46" />
  </TestSettings>
  <TestLists>
    <TestList name="Results Not in a List" id="8c84fa94-04c1-424b-9868-57a2d4851a1d" />
    <TestList name="All Loaded Results" id="19431567-8539-422a-85d7-44ee4e166bda" />
  </TestLists>
  <ResultSummary outcome="Completed">
    <Counters total="0" executed="0" passed="0" failed="0" error="0" timeout="0" aborted="0" inconclusive="0" passedButRunAborted="0" notRunnable="0" notExecuted="0" disconnected="0" warning="0" completed="0" inProgress="0" pending="0" />
    <Output>
      <StdOut>[xUnit.net 00:00:00.00] xUnit.net VSTest Adapter v2.5.4.1+b9eacec401 (64-bit .NET 8.0.22)&#xD;
[xUnit.net 00:00:00.10]   Discovering: DictionaryApp.Tests&#xD;
[xUnit.net 00:00:00.14]   Discovered:  DictionaryApp.Tests&#xD;
[xUnit.net 00:00:00.15]   Starting:    DictionaryApp.Tests&#xD;
[xUnit.net 00:00:00.17]   Finished:    DictionaryApp.Tests&#xD;
</StdOut>
    </Output>
    <RunInfos>
      <RunInfo computerName="WTWAT" outcome="Warning" timestamp="2025-12-10T15:47:46.5954040+02:00">
        <Text>No test matches the given testcase filter `FullyQualifiedName~Failed` in D:\F# Project\DictionaryApp.Tests\bin\Debug\net8.0-windows\DictionaryApp.Tests.dll</Text>
      </RunInfo>
    </RunInfos>
  </ResultSummary>
</TestRun>